<?xml version="1.0" encoding="UTF-8"?>
<coverage generated="1683862146371" clover="3.2.0">
  <project timestamp="1683862146371" name="All files">
    <metrics statements="17" coveredstatements="12" conditionals="5" coveredconditionals="4" methods="2" coveredmethods="1" elements="24" coveredelements="17" complexity="0" loc="17" ncloc="17" packages="1" files="1" classes="1"/>
    <file name="ejercicio2.js" path="/Users/luisteyssier/Desktop/Portafolio/Logica_programacion/ejercicios/test-exercices/ejercicio2/ejercicio2.js">
      <metrics statements="17" coveredstatements="12" conditionals="5" coveredconditionals="4" methods="2" coveredmethods="1"/>
      <line num="1" count="1" type="stmt"/>
      <line num="2" count="1" type="stmt"/>
      <line num="3" count="3" type="cond" truecount="1" falsecount="0"/>
      <line num="4" count="3" type="cond" truecount="0" falsecount="1"/>
      <line num="5" count="3" type="cond" truecount="1" falsecount="0"/>
      <line num="6" count="3" type="cond" truecount="2" falsecount="0"/>
      <line num="7" count="1" type="stmt"/>
      <line num="8" count="1" type="stmt"/>
      <line num="9" count="1" type="stmt"/>
      <line num="10" count="1" type="stmt"/>
      <line num="11" count="0" type="stmt"/>
      <line num="12" count="0" type="stmt"/>
      <line num="13" count="0" type="stmt"/>
      <line num="14" count="0" type="stmt"/>
      <line num="15" count="0" type="stmt"/>
      <line num="16" count="1" type="stmt"/>
      <line num="17" count="1" type="stmt"/>
    </file>
  </project>
</coverage>
